<?xml version="1.0" encoding="UTF-8"?>
<!-- Generated by org.testng.reporters.JUnitReportReporter -->
<testsuite hostname="PoojaVinu" failures="0" tests="3" name="testNGcommands.DataProviderTest" time="0.020" errors="0" timestamp="2024-09-19T07:57:21 IST" skipped="0">
  <testcase classname="testNGcommands.DataProviderTest" name="testCase1" time="0.003"/>
  <system-out/>
  <testcase classname="testNGcommands.DataProviderTest" name="testCase1" time="0.001"/>
  <system-out/>
  <testcase classname="testNGcommands.DataProviderTest" name="testCase1" time="0.016"/>
  <system-out/>
</testsuite> <!-- testNGcommands.DataProviderTest -->
