<?xml version="1.0" encoding="UTF-8"?>
<!-- Generated by org.testng.reporters.JUnitReportReporter -->
<testsuite hostname="PoojaVinu" failures="0" tests="1" name="testCases.WorkerTestCases" time="7.285" errors="0" timestamp="2024-09-23T09:47:47 IST" skipped="0">
  <testcase classname="testCases.WorkerTestCases" name="verifyTextOfSearchButtonInWorkersPage" time="7.285"/>
  <system-out/>
</testsuite> <!-- testCases.WorkerTestCases -->
