<?xml version="1.0" encoding="UTF-8"?>
<!-- Generated by org.testng.reporters.JUnitReportReporter -->
<testsuite hostname="PoojaVinu" failures="0" tests="3" name="testNGcommands.GroupExecution" time="0.022" errors="0" timestamp="2024-09-18T07:42:42 IST" skipped="0">
  <testcase classname="testNGcommands.GroupExecution" name="testCase1" time="0.009"/>
  <system-out/>
  <testcase classname="testNGcommands.GroupExecution" name="testCase3" time="0.011"/>
  <system-out/>
  <testcase classname="testNGcommands.GroupExecution" name="testCase5" time="0.002"/>
  <system-out/>
</testsuite> <!-- testNGcommands.GroupExecution -->
