<?xml version="1.0" encoding="UTF-8"?>
<!-- Generated by org.testng.reporters.JUnitReportReporter -->
<testsuite hostname="PoojaVinu" failures="0" tests="2" name="testNGcommands.Annotations" time="0.003" errors="0" timestamp="2024-09-17T22:40:13 IST" skipped="0">
  <testcase classname="testNGcommands.Annotations" name="testCase2" time="0.002"/>
  <system-out/>
  <testcase classname="testNGcommands.Annotations" name="testCase1" time="0.001"/>
  <system-out/>
</testsuite> <!-- testNGcommands.Annotations -->
